<?xml version="1.0" encoding="UTF-8"?>
<!-- Generated by org.testng.reporters.JUnitXMLReporter -->
<testsuite ignored="0" hostname="LAPTOP-6GRE8E09" failures="1" tests="2" name="ChromeTest" time="19.794" errors="0" timestamp="2026-08-17T10:24:22 IST">
  <testcase classname="testCases.TC001_RegistrationPage" name="registrationTest" time="2.243"/>
  <testcase classname="testCases.TC002_LoginPage" name="loginTest" time="6.486">
    <failure type="java.lang.AssertionError" message="null">
      <![CDATA[java.lang.AssertionError: null
at testCases.TC002_LoginPage.loginTest(TC002_LoginPage.java:31)
at java.base/java.util.ArrayList.forEach(ArrayList.java:1541)
... Removed 29 stack frames]]>
    </failure>
  </testcase> <!-- loginTest -->
</testsuite> <!-- ChromeTest -->
