<?xml version="1.0" encoding="UTF-8"?>
<testng-results ignored="0" total="2" passed="2" failed="0" skipped="0">
  <reporter-output>
  </reporter-output>
  <suite started-at="2026-08-17T11:21:15 IST" name="Suite" finished-at="2026-08-17T11:22:48 IST" duration-ms="93369">
    <groups>
      <group name="Master">
        <method signature="TC001_RegistrationPage.registrationTest()[pri:0, instance:testCases.TC001_RegistrationPage@4b5a5ed1]" name="registrationTest" class="testCases.TC001_RegistrationPage"/>
        <method signature="TC002_LoginPage.loginTest()[pri:0, instance:testCases.TC002_LoginPage@7adda9cc]" name="loginTest" class="testCases.TC002_LoginPage"/>
      </group> <!-- Master -->
      <group name="Sanity">
        <method signature="TC001_RegistrationPage.registrationTest()[pri:0, instance:testCases.TC001_RegistrationPage@4b5a5ed1]" name="registrationTest" class="testCases.TC001_RegistrationPage"/>
      </group> <!-- Sanity -->
      <group name="Regression">
        <method signature="TC002_LoginPage.loginTest()[pri:0, instance:testCases.TC002_LoginPage@7adda9cc]" name="loginTest" class="testCases.TC002_LoginPage"/>
      </group> <!-- Regression -->
    </groups>
    <test started-at="2026-08-17T11:21:15 IST" name="ChromeTest" finished-at="2026-08-17T11:22:48 IST" duration-ms="93369">
      <class name="testCases.TC001_RegistrationPage">
        <test-method is-config="true" signature="setUp(java.lang.String,java.lang.String)[pri:0, instance:testCases.TC001_RegistrationPage@4b5a5ed1]" started-at="2026-08-17T11:21:15 IST" name="setUp" finished-at="2026-08-17T11:21:19 IST" duration-ms="3604" status="PASS">
          <params>
            <param index="0">
              <value>
                <![CDATA[chrome]]>
              </value>
            </param>
            <param index="1">
              <value>
                <![CDATA[windows]]>
              </value>
            </param>
          </params>
          <reporter-output>
          </reporter-output>
        </test-method> <!-- setUp -->
        <test-method signature="registrationTest()[pri:0, instance:testCases.TC001_RegistrationPage@4b5a5ed1]" started-at="2026-08-17T11:21:19 IST" name="registrationTest" finished-at="2026-08-17T11:21:21 IST" duration-ms="2192" status="PASS">
          <reporter-output>
          </reporter-output>
        </test-method> <!-- registrationTest -->
        <test-method is-config="true" signature="tearDown()[pri:0, instance:testCases.TC001_RegistrationPage@4b5a5ed1]" started-at="2026-08-17T11:21:21 IST" name="tearDown" finished-at="2026-08-17T11:21:21 IST" duration-ms="169" status="PASS">
          <reporter-output>
          </reporter-output>
        </test-method> <!-- tearDown -->
      </class> <!-- testCases.TC001_RegistrationPage -->
      <class name="testCases.TC002_LoginPage">
        <test-method is-config="true" signature="setUp(java.lang.String,java.lang.String)[pri:0, instance:testCases.TC002_LoginPage@7adda9cc]" started-at="2026-08-17T11:21:21 IST" name="setUp" finished-at="2026-08-17T11:22:46 IST" duration-ms="84724" status="PASS">
          <params>
            <param index="0">
              <value>
                <![CDATA[chrome]]>
              </value>
            </param>
            <param index="1">
              <value>
                <![CDATA[windows]]>
              </value>
            </param>
          </params>
          <reporter-output>
          </reporter-output>
        </test-method> <!-- setUp -->
        <test-method signature="loginTest()[pri:0, instance:testCases.TC002_LoginPage@7adda9cc]" started-at="2026-08-17T11:22:46 IST" name="loginTest" finished-at="2026-08-17T11:22:48 IST" duration-ms="2277" status="PASS">
          <reporter-output>
          </reporter-output>
        </test-method> <!-- loginTest -->
        <test-method is-config="true" signature="tearDown()[pri:0, instance:testCases.TC002_LoginPage@7adda9cc]" started-at="2026-08-17T11:22:48 IST" name="tearDown" finished-at="2026-08-17T11:22:48 IST" duration-ms="259" status="PASS">
          <reporter-output>
          </reporter-output>
        </test-method> <!-- tearDown -->
      </class> <!-- testCases.TC002_LoginPage -->
    </test> <!-- ChromeTest -->
  </suite> <!-- Suite -->
</testng-results>
